last User id is:  15313029.0
Start time is:  2015-10-25 21:10:10.664541
End time is:  2015-10-25 21:10:18.773207
Total time taken:  8.108666
True
/home/ubuntu/hadoop/Rohit_dont_delete/Data_pull/UsersAnalysis/GeneralUsers/Users_Level2_2012.csv
/home/ubuntu/hadoop/Rohit_dont_delete/Data_pull/UsersAnalysis/GeneralUsers/Users_Level2_2014.csv
/home/ubuntu/hadoop/Rohit_dont_delete/Data_pull/UsersAnalysis/GeneralUsers/Users_Level2_2013.csv
/home/ubuntu/hadoop/Rohit_dont_delete/Data_pull/UsersAnalysis/GeneralUsers/Users_Level2_2011.csv
/home/ubuntu/hadoop/Rohit_dont_delete/Data_pull/UsersAnalysis/GeneralUsers/Users_Level2_2015.csv
Total number of pages :  58798
Start time is:  2015-10-25 22:27:41.834921
0 500
500 1000
1000 1500
1500 2000
2000 2500
2500 3000
3000 3500
3500 4000
4000 4500
4500 5000
End time is:  2015-10-25 22:29:29.741508
Time spent:  107.906587
Waiting for the reset of the tokens....

Start time is:  2015-10-25 23:28:41.891373
5000 5500
5500 6000
6000 6500
6500 7000
7000 7500
7500 8000
8000 8500
8500 9000
9000 9500
9500 10000
End time is:  2015-10-25 23:30:29.799721
Time spent:  107.908348
Waiting for the reset of the tokens....

Start time is:  2015-10-26 00:29:41.966546
10000 10500
10500 11000
11000 11500
11500 12000
12000 12500
12500 13000
13000 13500
13500 14000
14000 14500
14500 15000
End time is:  2015-10-26 00:31:31.292437
Time spent:  109.325891
Waiting for the reset of the tokens....

Start time is:  2015-10-26 01:30:42.051563
15000 15500
15500 16000
16000 16500
16500 17000
17000 17500
17500 18000
18000 18500
18500 19000
19000 19500
19500 20000
End time is:  2015-10-26 01:32:30.439369
Time spent:  108.387806
Waiting for the reset of the tokens....

Start time is:  2015-10-26 02:31:42.131973
20000 20500
20500 21000
21000 21500
21500 22000
22000 22500
22500 23000
23000 23500
23500 24000
24000 24500
24500 25000
End time is:  2015-10-26 02:33:32.015327
Time spent:  109.883354
Waiting for the reset of the tokens....

Start time is:  2015-10-26 03:32:42.231128
25000 25500
25500 26000
26000 26500
26500 27000
27000 27500
27500 28000
28000 28500
28500 29000
29000 29500
29500 30000
End time is:  2015-10-26 03:34:30.521998
Time spent:  108.29087
Waiting for the reset of the tokens....

Start time is:  2015-10-26 04:33:42.329033
30000 30500
30500 31000
31000 31500
31500 32000
32000 32500
32500 33000
33000 33500
33500 34000
34000 34500
34500 35000
End time is:  2015-10-26 04:35:31.193617
Time spent:  108.864584
Waiting for the reset of the tokens....

Start time is:  2015-10-26 05:34:42.425511
35000 35500
35500 36000
36000 36500
36500 37000
37000 37500
37500 38000
38000 38500
38500 39000
39000 39500
39500 40000
End time is:  2015-10-26 05:36:32.331758
Time spent:  109.906247
Waiting for the reset of the tokens....

Start time is:  2015-10-26 06:35:42.506561
40000 40500
40500 41000
41000 41500
41500 42000
42000 42500
42500 43000
43000 43500
43500 44000
44000 44500
44500 45000
End time is:  2015-10-26 06:37:35.778837
Time spent:  113.272276
Waiting for the reset of the tokens....

Start time is:  2015-10-26 07:36:42.601618
45000 45500
45500 46000
46000 46500
46500 47000
47000 47500
47500 48000
48000 48500
48500 49000
49000 49500
49500 50000
End time is:  2015-10-26 07:38:37.302998
Time spent:  114.70138
Waiting for the reset of the tokens....

Start time is:  2015-10-26 08:37:42.682995
50000 50500
50500 51000
51000 51500
51500 52000
52000 52500
52500 53000
53000 53500
53500 54000
54000 54500
54500 55000
End time is:  2015-10-26 08:39:34.112475
Time spent:  111.42948
Waiting for the reset of the tokens....

Start time is:  2015-10-26 09:38:42.782006
55000 55500
55500 56000
56000 56500
56500 57000
57000 57500
57500 58000
58000 58500
58500 58798
End time is:  2015-10-26 09:40:19.441301
Total time taken:  96.659295
True
last User id is:  15314540.0
Start time is:  2015-10-26 21:10:10.098675
End time is:  2015-10-26 21:10:51.588123
Total time taken:  41.489448
True
/home/ubuntu/hadoop/Rohit_dont_delete/Data_pull/UsersAnalysis/GeneralUsers/Users_Level2_2012.csv
/home/ubuntu/hadoop/Rohit_dont_delete/Data_pull/UsersAnalysis/GeneralUsers/Users_Level2_2014.csv
/home/ubuntu/hadoop/Rohit_dont_delete/Data_pull/UsersAnalysis/GeneralUsers/Users_Level2_2013.csv
/home/ubuntu/hadoop/Rohit_dont_delete/Data_pull/UsersAnalysis/GeneralUsers/Users_Level2_2011.csv
/home/ubuntu/hadoop/Rohit_dont_delete/Data_pull/UsersAnalysis/GeneralUsers/Users_Level2_2015.csv
Total number of pages :  23833
Start time is:  2015-10-26 22:28:15.039138
0 500
500 1000
1000 1500
1500 2000
2000 2500
2500 3000
3000 3500
3500 4000
4000 4500
4500 5000
End time is:  2015-10-26 22:30:04.593571
Time spent:  109.554433
Waiting for the reset of the tokens....

Start time is:  2015-10-26 23:29:15.127520
5000 5500
5500 6000
6000 6500
6500 7000
7000 7500
7500 8000
8000 8500
8500 9000
9000 9500
9500 10000
End time is:  2015-10-26 23:31:05.018320
Time spent:  109.8908
Waiting for the reset of the tokens....

Start time is:  2015-10-27 00:30:15.227644
10000 10500
10500 11000
11000 11500
11500 12000
12000 12500
12500 13000
13000 13500
13500 14000
14000 14500
14500 15000
End time is:  2015-10-27 00:32:04.202785
Time spent:  108.975141
Waiting for the reset of the tokens....

Start time is:  2015-10-27 01:31:15.295518
15000 15500
15500 16000
16000 16500
16500 17000
17000 17500
17500 18000
18000 18500
18500 19000
19000 19500
19500 20000
End time is:  2015-10-27 01:33:04.065250
Time spent:  108.769732
Waiting for the reset of the tokens....

Start time is:  2015-10-27 02:32:15.380139
20000 20500
20500 21000
21000 21500
21500 22000
22000 22500
22500 23000
23000 23500
23500 23833
End time is:  2015-10-27 02:33:41.183864
Total time taken:  85.803725
True
last User id is:  15331908.0
Start time is:  2015-10-27 21:10:10.320895
End time is:  2015-10-27 21:10:55.879968
Total time taken:  45.559073
True
/home/ubuntu/hadoop/Rohit_dont_delete/Data_pull/UsersAnalysis/GeneralUsers/Users_Level2_2012.csv
/home/ubuntu/hadoop/Rohit_dont_delete/Data_pull/UsersAnalysis/GeneralUsers/Users_Level2_2014.csv
/home/ubuntu/hadoop/Rohit_dont_delete/Data_pull/UsersAnalysis/GeneralUsers/Users_Level2_2013.csv
/home/ubuntu/hadoop/Rohit_dont_delete/Data_pull/UsersAnalysis/GeneralUsers/Users_Level2_2011.csv
/home/ubuntu/hadoop/Rohit_dont_delete/Data_pull/UsersAnalysis/GeneralUsers/Users_Level2_2015.csv
Total number of pages :  25194
Start time is:  2015-10-27 22:28:19.523902
0 500
500 1000
1000 1500
1500 2000
2000 2500
2500 3000
3000 3500
3500 4000
4000 4500
4500 5000
End time is:  2015-10-27 22:30:09.384836
Time spent:  109.860934
Waiting for the reset of the tokens....

Start time is:  2015-10-27 23:29:19.622196
5000 5500
5500 6000
6000 6500
6500 7000
7000 7500
7500 8000
8000 8500
8500 9000
9000 9500
9500 10000
End time is:  2015-10-27 23:31:09.390265
Time spent:  109.768069
Waiting for the reset of the tokens....

Start time is:  2015-10-28 00:30:19.691495
10000 10500
10500 11000
11000 11500
11500 12000
12000 12500
12500 13000
13000 13500
13500 14000
14000 14500
14500 15000
End time is:  2015-10-28 00:32:10.089183
Time spent:  110.397688
Waiting for the reset of the tokens....

Start time is:  2015-10-28 01:31:19.791159
15000 15500
15500 16000
16000 16500
16500 17000
17000 17500
17500 18000
18000 18500
18500 19000
19000 19500
19500 20000
End time is:  2015-10-28 01:33:08.567293
Time spent:  108.776134
Waiting for the reset of the tokens....

Start time is:  2015-10-28 02:32:19.891285
20000 20500
20500 21000
21000 21500
21500 22000
22000 22500
22500 23000
23000 23500
23500 24000
24000 24500
24500 25000
End time is:  2015-10-28 02:34:10.568496
Time spent:  110.677211
Waiting for the reset of the tokens....

Start time is:  2015-10-28 03:33:19.987896
25000 25194
End time is:  2015-10-28 03:33:27.550725
Total time taken:  7.562829
True
last User id is:  15350669.0
Start time is:  2015-10-28 21:10:09.894551
End time is:  2015-10-28 21:10:56.491829
Total time taken:  46.597278
True
/home/ubuntu/hadoop/Rohit_dont_delete/Data_pull/UsersAnalysis/GeneralUsers/Users_Level2_2012.csv
/home/ubuntu/hadoop/Rohit_dont_delete/Data_pull/UsersAnalysis/GeneralUsers/Users_Level2_2014.csv
/home/ubuntu/hadoop/Rohit_dont_delete/Data_pull/UsersAnalysis/GeneralUsers/Users_Level2_2013.csv
/home/ubuntu/hadoop/Rohit_dont_delete/Data_pull/UsersAnalysis/GeneralUsers/Users_Level2_2011.csv
/home/ubuntu/hadoop/Rohit_dont_delete/Data_pull/UsersAnalysis/GeneralUsers/Users_Level2_2015.csv
Total number of pages :  25414
Start time is:  2015-10-28 22:28:19.037782
0 500
500 1000
1000 1500
1500 2000
2000 2500
2500 3000
3000 3500
3500 4000
4000 4500
4500 5000
End time is:  2015-10-28 22:30:08.872924
Time spent:  109.835142
Waiting for the reset of the tokens....

Start time is:  2015-10-28 23:29:19.131387
5000 5500
5500 6000
6000 6500
6500 7000
7000 7500
7500 8000
8000 8500
8500 9000
9000 9500
9500 10000
End time is:  2015-10-28 23:31:07.767668
Time spent:  108.636281
Waiting for the reset of the tokens....

Start time is:  2015-10-29 00:30:19.231486
10000 10500
10500 11000
11000 11500
11500 12000
12000 12500
12500 13000
13000 13500
13500 14000
14000 14500
14500 15000
End time is:  2015-10-29 00:32:08.164615
Time spent:  108.933129
Waiting for the reset of the tokens....

Start time is:  2015-10-29 01:31:19.291906
15000 15500
15500 16000
16000 16500
16500 17000
17000 17500
17500 18000
18000 18500
18500 19000
19000 19500
19500 20000
End time is:  2015-10-29 01:33:08.314947
Time spent:  109.023041
Waiting for the reset of the tokens....

Start time is:  2015-10-29 02:32:19.371328
20000 20500
20500 21000
21000 21500
21500 22000
22000 22500
22500 23000
23000 23500
23500 24000
24000 24500
24500 25000
End time is:  2015-10-29 02:34:08.106657
Time spent:  108.735329
Waiting for the reset of the tokens....

Start time is:  2015-10-29 03:33:19.461493
25000 25414
End time is:  2015-10-29 03:33:29.527863
Total time taken:  10.06637
True
last User id is:  15369625.0
Start time is:  2015-10-29 21:10:10.457988
End time is:  2015-10-29 21:10:57.805803
Total time taken:  47.347815
True
/home/ubuntu/hadoop/Rohit_dont_delete/Data_pull/UsersAnalysis/GeneralUsers/Users_Level2_2012.csv
/home/ubuntu/hadoop/Rohit_dont_delete/Data_pull/UsersAnalysis/GeneralUsers/Users_Level2_2014.csv
/home/ubuntu/hadoop/Rohit_dont_delete/Data_pull/UsersAnalysis/GeneralUsers/Users_Level2_2013.csv
/home/ubuntu/hadoop/Rohit_dont_delete/Data_pull/UsersAnalysis/GeneralUsers/Users_Level2_2011.csv
/home/ubuntu/hadoop/Rohit_dont_delete/Data_pull/UsersAnalysis/GeneralUsers/Users_Level2_2015.csv
Total number of pages :  23842
Start time is:  2015-10-29 22:28:20.953045
0 500
500 1000
1000 1500
1500 2000
2000 2500
2500 3000
3000 3500
3500 4000
4000 4500
4500 5000
End time is:  2015-10-29 22:30:10.766736
Time spent:  109.813691
Waiting for the reset of the tokens....

Start time is:  2015-10-29 23:29:21.041280
5000 5500
5500 6000
6000 6500
6500 7000
7000 7500
7500 8000
8000 8500
8500 9000
9000 9500
9500 10000
End time is:  2015-10-29 23:31:13.855904
Time spent:  112.814624
Waiting for the reset of the tokens....

Start time is:  2015-10-30 00:30:21.111882
10000 10500
10500 11000
11000 11500
11500 12000
12000 12500
12500 13000
13000 13500
13500 14000
14000 14500
14500 15000
End time is:  2015-10-30 00:32:10.437399
Time spent:  109.325517
Waiting for the reset of the tokens....

Start time is:  2015-10-30 01:31:21.191376
15000 15500
15500 16000
16000 16500
16500 17000
17000 17500
17500 18000
18000 18500
18500 19000
19000 19500
19500 20000
End time is:  2015-10-30 01:33:10.799688
Time spent:  109.608312
Waiting for the reset of the tokens....

Start time is:  2015-10-30 02:32:21.291238
20000 20500
20500 21000
21000 21500
21500 22000
22000 22500
22500 23000
23000 23500
23500 23842
End time is:  2015-10-30 02:33:47.229161
Total time taken:  85.937923
True
last User id is:  15387008.0
Start time is:  2015-10-30 21:10:09.947314
End time is:  2015-10-30 21:13:15.864483
Total time taken:  185.917169
True
/home/ubuntu/hadoop/Rohit_dont_delete/Data_pull/UsersAnalysis/GeneralUsers/Users_Level2_2012.csv
/home/ubuntu/hadoop/Rohit_dont_delete/Data_pull/UsersAnalysis/GeneralUsers/Users_Level2_2014.csv
/home/ubuntu/hadoop/Rohit_dont_delete/Data_pull/UsersAnalysis/GeneralUsers/Users_Level2_2013.csv
/home/ubuntu/hadoop/Rohit_dont_delete/Data_pull/UsersAnalysis/GeneralUsers/Users_Level2_2011.csv
/home/ubuntu/hadoop/Rohit_dont_delete/Data_pull/UsersAnalysis/GeneralUsers/Users_Level2_2015.csv
Total number of pages :  93784
Start time is:  2015-10-30 22:30:38.591540
0 500
500 1000
1000 1500
1500 2000
2000 2500
2500 3000
3000 3500
3500 4000
4000 4500
4500 5000
End time is:  2015-10-30 22:32:28.422967
Time spent:  109.831427
Waiting for the reset of the tokens....

Start time is:  2015-10-30 23:31:38.685758
5000 5500
5500 6000
6000 6500
6500 7000
7000 7500
7500 8000
8000 8500
8500 9000
9000 9500
9500 10000
End time is:  2015-10-30 23:33:28.237005
Time spent:  109.551247
Waiting for the reset of the tokens....

Start time is:  2015-10-31 00:32:38.771992
10000 10500
10500 11000
11000 11500
11500 12000
12000 12500
12500 13000
13000 13500
13500 14000
14000 14500
14500 15000
End time is:  2015-10-31 00:34:27.909785
Time spent:  109.137793
Waiting for the reset of the tokens....

Start time is:  2015-10-31 01:33:38.853455
15000 15500
15500 16000
16000 16500
16500 17000
17000 17500
17500 18000
18000 18500
18500 19000
19000 19500
19500 20000
End time is:  2015-10-31 01:35:27.462829
Time spent:  108.609374
Waiting for the reset of the tokens....

Start time is:  2015-10-31 02:34:38.931882
20000 20500
20500 21000
21000 21500
21500 22000
22000 22500
22500 23000
23000 23500
23500 24000
24000 24500
24500 25000
End time is:  2015-10-31 02:36:27.669279
Time spent:  108.737397
Waiting for the reset of the tokens....

Start time is:  2015-10-31 03:35:39.011999
25000 25500
25500 26000
26000 26500
26500 27000
27000 27500
27500 28000
28000 28500
28500 29000
29000 29500
29500 30000
End time is:  2015-10-31 03:37:27.451268
Time spent:  108.439269
Waiting for the reset of the tokens....

Start time is:  2015-10-31 04:36:39.092324
30000 30500
30500 31000
31000 31500
31500 32000
32000 32500
32500 33000
33000 33500
33500 34000
34000 34500
34500 35000
End time is:  2015-10-31 04:38:27.035884
Time spent:  107.94356
Waiting for the reset of the tokens....

Start time is:  2015-10-31 05:37:39.181674
35000 35500
35500 36000
36000 36500
36500 37000
37000 37500
37500 38000
38000 38500
38500 39000
39000 39500
39500 40000
End time is:  2015-10-31 05:39:28.153681
Time spent:  108.972007
Waiting for the reset of the tokens....

Start time is:  2015-10-31 06:38:39.278806
40000 40500
40500 41000
41000 41500
41500 42000
42000 42500
42500 43000
43000 43500
43500 44000
44000 44500
44500 45000
End time is:  2015-10-31 06:40:26.913093
Time spent:  107.634287
Waiting for the reset of the tokens....

Start time is:  2015-10-31 07:39:39.377014
45000 45500
45500 46000
46000 46500
46500 47000
47000 47500
47500 48000
48000 48500
48500 49000
49000 49500
49500 50000
End time is:  2015-10-31 07:41:32.868864
Time spent:  113.49185
Waiting for the reset of the tokens....

Start time is:  2015-10-31 08:40:39.452008
50000 50500
50500 51000
51000 51500
51500 52000
52000 52500
52500 53000
53000 53500
53500 54000
54000 54500
54500 55000
End time is:  2015-10-31 08:42:27.199518
Time spent:  107.74751
Waiting for the reset of the tokens....

Start time is:  2015-10-31 09:41:39.551823
55000 55500
55500 56000
56000 56500
56500 57000
57000 57500
57500 58000
58000 58500
58500 59000
59000 59500
59500 60000
End time is:  2015-10-31 09:43:27.875283
Time spent:  108.32346
Waiting for the reset of the tokens....

Start time is:  2015-10-31 10:42:39.643118
60000 60500
60500 61000
61000 61500
61500 62000
62000 62500
62500 63000
63000 63500
63500 64000
64000 64500
64500 65000
End time is:  2015-10-31 10:44:28.089550
Time spent:  108.446432
Waiting for the reset of the tokens....

Start time is:  2015-10-31 11:43:39.741966
65000 65500
65500 66000
66000 66500
66500 67000
67000 67500
67500 68000
68000 68500
68500 69000
69000 69500
69500 70000
End time is:  2015-10-31 11:45:28.232123
Time spent:  108.490157
Waiting for the reset of the tokens....

Start time is:  2015-10-31 12:44:39.822000
70000 70500
70500 71000
71000 71500
71500 72000
72000 72500
72500 73000
73000 73500
73500 74000
74000 74500
74500 75000
End time is:  2015-10-31 12:46:27.864440
Time spent:  108.04244
Waiting for the reset of the tokens....

Start time is:  2015-10-31 13:45:39.916390
75000 75500
75500 76000
76000 76500
76500 77000
77000 77500
77500 78000
78000 78500
78500 79000
79000 79500
79500 80000
End time is:  2015-10-31 13:47:27.474674
Time spent:  107.558284
Waiting for the reset of the tokens....

Start time is:  2015-10-31 14:46:40.011647
80000 80500
80500 81000
81000 81500
81500 82000
82000 82500
82500 83000
83000 83500
83500 84000
84000 84500
84500 85000
End time is:  2015-10-31 14:48:28.934096
Time spent:  108.922449
Waiting for the reset of the tokens....

Start time is:  2015-10-31 15:47:40.101903
85000 85500
85500 86000
86000 86500
86500 87000
87000 87500
87500 88000
88000 88500
88500 89000
89000 89500
89500 90000
End time is:  2015-10-31 15:49:28.124079
Time spent:  108.022176
Waiting for the reset of the tokens....

Start time is:  2015-10-31 16:48:40.201695
90000 90500
90500 91000
91000 91500
91500 92000
92000 92500
92500 93000
93000 93500
93500 93784
End time is:  2015-10-31 16:50:04.665749
Total time taken:  84.464054
True
last User id is:  15474302.0
Start time is:  2015-10-31 21:10:10.164531
End time is:  2015-10-31 21:11:48.083803
Total time taken:  97.919272
True
/home/ubuntu/hadoop/Rohit_dont_delete/Data_pull/UsersAnalysis/GeneralUsers/Users_Level2_2012.csv
/home/ubuntu/hadoop/Rohit_dont_delete/Data_pull/UsersAnalysis/GeneralUsers/Users_Level2_2014.csv
/home/ubuntu/hadoop/Rohit_dont_delete/Data_pull/UsersAnalysis/GeneralUsers/Users_Level2_2013.csv
/home/ubuntu/hadoop/Rohit_dont_delete/Data_pull/UsersAnalysis/GeneralUsers/Users_Level2_2011.csv
/home/ubuntu/hadoop/Rohit_dont_delete/Data_pull/UsersAnalysis/GeneralUsers/Users_Level2_2015.csv
Total number of pages :  58378
Start time is:  2015-10-31 22:29:10.716541
0 500
500 1000
1000 1500
1500 2000
2000 2500
2500 3000
3000 3500
3500 4000
4000 4500
4500 5000
End time is:  2015-10-31 22:30:58.357886
Time spent:  107.641345
Waiting for the reset of the tokens....

Start time is:  2015-10-31 23:30:10.811506
5000 5500
5500 6000
6000 6500
6500 7000
7000 7500
7500 8000
8000 8500
8500 9000
9000 9500
9500 10000
End time is:  2015-10-31 23:31:59.397927
Time spent:  108.586421
Waiting for the reset of the tokens....

Start time is:  2015-11-01 00:31:10.883460
10000 10500
10500 11000
11000 11500
11500 12000
12000 12500
12500 13000
13000 13500
13500 14000
14000 14500
14500 15000
End time is:  2015-11-01 00:32:59.146574
Time spent:  108.263114
Waiting for the reset of the tokens....

Start time is:  2015-11-01 01:32:10.982460
15000 15500
15500 16000
16000 16500
16500 17000
17000 17500
17500 18000
18000 18500
18500 19000
19000 19500
19500 20000
End time is:  2015-11-01 01:33:59.479771
Time spent:  108.497311
Waiting for the reset of the tokens....

Start time is:  2015-11-01 02:33:11.081606
20000 20500
20500 21000
21000 21500
21500 22000
22000 22500
22500 23000
23000 23500
23500 24000
24000 24500
24500 25000
End time is:  2015-11-01 02:34:59.542415
Time spent:  108.460809
Waiting for the reset of the tokens....

Start time is:  2015-11-01 03:34:11.151200
25000 25500
25500 26000
26000 26500
26500 27000
27000 27500
27500 28000
28000 28500
28500 29000
29000 29500
29500 30000
End time is:  2015-11-01 03:35:59.424683
Time spent:  108.273483
Waiting for the reset of the tokens....

Start time is:  2015-11-01 04:35:11.245312
30000 30500
30500 31000
31000 31500
31500 32000
32000 32500
32500 33000
33000 33500
33500 34000
34000 34500
34500 35000
End time is:  2015-11-01 04:37:00.022555
Time spent:  108.777243
Waiting for the reset of the tokens....

Start time is:  2015-11-01 05:36:11.322027
35000 35500
35500 36000
36000 36500
36500 37000
37000 37500
37500 38000
38000 38500
38500 39000
39000 39500
39500 40000
End time is:  2015-11-01 05:37:59.886796
Time spent:  108.564769
Waiting for the reset of the tokens....

Start time is:  2015-11-01 06:37:11.408200
40000 40500
40500 41000
41000 41500
41500 42000
42000 42500
42500 43000
43000 43500
43500 44000
44000 44500
44500 45000
End time is:  2015-11-01 06:38:59.777114
Time spent:  108.368914
Waiting for the reset of the tokens....

Start time is:  2015-11-01 07:38:11.486698
45000 45500
45500 46000
46000 46500
46500 47000
47000 47500
47500 48000
48000 48500
48500 49000
49000 49500
49500 50000
End time is:  2015-11-01 07:39:59.354376
Time spent:  107.867678
Waiting for the reset of the tokens....

Start time is:  2015-11-01 08:39:11.584676
50000 50500
50500 51000
51000 51500
51500 52000
52000 52500
52500 53000
53000 53500
53500 54000
54000 54500
54500 55000
End time is:  2015-11-01 08:40:59.751965
Time spent:  108.167289
Waiting for the reset of the tokens....

Start time is:  2015-11-01 09:40:11.671769
55000 55500
55500 56000
56000 56500
56500 57000
57000 57500
57500 58000
58000 58378
End time is:  2015-11-01 09:41:25.762712
Total time taken:  74.090943
True
last User id is:  15526147.0
Start time is:  2015-11-01 21:10:10.589196
End time is:  2015-11-01 21:11:53.965001
Total time taken:  103.375805
True
/home/ubuntu/hadoop/Rohit_dont_delete/Data_pull/UsersAnalysis/GeneralUsers/Users_Level2_2012.csv
/home/ubuntu/hadoop/Rohit_dont_delete/Data_pull/UsersAnalysis/GeneralUsers/Users_Level2_2014.csv
/home/ubuntu/hadoop/Rohit_dont_delete/Data_pull/UsersAnalysis/GeneralUsers/Users_Level2_2013.csv
/home/ubuntu/hadoop/Rohit_dont_delete/Data_pull/UsersAnalysis/GeneralUsers/Users_Level2_2011.csv
/home/ubuntu/hadoop/Rohit_dont_delete/Data_pull/UsersAnalysis/GeneralUsers/Users_Level2_2015.csv
Total number of pages :  60823
Start time is:  2015-11-01 22:29:18.114922
0 500
500 1000
1000 1500
1500 2000
2000 2500
2500 3000
3000 3500
3500 4000
4000 4500
4500 5000
End time is:  2015-11-01 22:31:05.171604
Time spent:  107.056682
Waiting for the reset of the tokens....

Start time is:  2015-11-01 23:30:18.171702
5000 5500
5500 6000
6000 6500
6500 7000
7000 7500
7500 8000
8000 8500
8500 9000
9000 9500
9500 10000
End time is:  2015-11-01 23:32:06.035019
Time spent:  107.863317
Waiting for the reset of the tokens....

Start time is:  2015-11-02 00:31:18.263337
10000 10500
10500 11000
11000 11500
11500 12000
12000 12500
12500 13000
13000 13500
13500 14000
14000 14500
14500 15000
End time is:  2015-11-02 00:33:08.578063
Time spent:  110.314726
Waiting for the reset of the tokens....

Start time is:  2015-11-02 01:32:18.361968
15000 15500
15500 16000
16000 16500
16500 17000
17000 17500
17500 18000
18000 18500
18500 19000
19000 19500
19500 20000
End time is:  2015-11-02 01:34:09.128964
Time spent:  110.766996
Waiting for the reset of the tokens....

Start time is:  2015-11-02 02:33:18.460378
20000 20500
20500 21000
21000 21500
21500 22000
22000 22500
22500 23000
23000 23500
23500 24000
24000 24500
24500 25000
End time is:  2015-11-02 02:35:09.505325
Time spent:  111.044947
Waiting for the reset of the tokens....

Start time is:  2015-11-02 03:34:18.543204
25000 25500
25500 26000
26000 26500
26500 27000
27000 27500
27500 28000
28000 28500
28500 29000
29000 29500
29500 30000
End time is:  2015-11-02 03:36:09.208902
Time spent:  110.665698
Waiting for the reset of the tokens....

Start time is:  2015-11-02 04:35:18.641975
30000 30500
30500 31000
31000 31500
31500 32000
32000 32500
32500 33000
33000 33500
33500 34000
34000 34500
34500 35000
End time is:  2015-11-02 04:37:09.884686
Time spent:  111.242711
Waiting for the reset of the tokens....

Start time is:  2015-11-02 05:36:18.696387
35000 35500
35500 36000
36000 36500
36500 37000
37000 37500
37500 38000
38000 38500
38500 39000
39000 39500
39500 40000
End time is:  2015-11-02 05:38:09.439218
Time spent:  110.742831
Waiting for the reset of the tokens....

Start time is:  2015-11-02 06:37:18.791747
40000 40500
40500 41000
41000 41500
41500 42000
42000 42500
42500 43000
43000 43500
43500 44000
44000 44500
44500 45000
End time is:  2015-11-02 06:39:10.427054
Time spent:  111.635307
Waiting for the reset of the tokens....

Start time is:  2015-11-02 07:38:18.888832
45000 45500
45500 46000
46000 46500
46500 47000
47000 47500
47500 48000
48000 48500
48500 49000
49000 49500
49500 50000
End time is:  2015-11-02 07:40:09.274803
Time spent:  110.385971
Waiting for the reset of the tokens....

Start time is:  2015-11-02 08:39:18.942022
50000 50500
50500 51000
51000 51500
51500 52000
52000 52500
52500 53000
53000 53500
53500 54000
54000 54500
54500 55000
End time is:  2015-11-02 08:41:08.262486
Time spent:  109.320464
Waiting for the reset of the tokens....

Start time is:  2015-11-02 09:40:19.041971
55000 55500
55500 56000
56000 56500
56500 57000
57000 57500
57500 58000
58000 58500
58500 59000
59000 59500
59500 60000
End time is:  2015-11-02 09:42:10.245641
Time spent:  111.20367
Waiting for the reset of the tokens....

Start time is:  2015-11-02 10:41:19.117640
60000 60500
60500 60823
End time is:  2015-11-02 10:41:39.255342
Total time taken:  20.137702
True
last User id is:  15580419.0
Start time is:  2015-11-02 21:10:10.286442
End time is:  2015-11-02 21:11:44.244709
Total time taken:  93.958267
True
/home/ubuntu/hadoop/Rohit_dont_delete/Data_pull/UsersAnalysis/GeneralUsers/Users_Level2_2012.csv
/home/ubuntu/hadoop/Rohit_dont_delete/Data_pull/UsersAnalysis/GeneralUsers/Users_Level2_2014.csv
/home/ubuntu/hadoop/Rohit_dont_delete/Data_pull/UsersAnalysis/GeneralUsers/Users_Level2_2013.csv
/home/ubuntu/hadoop/Rohit_dont_delete/Data_pull/UsersAnalysis/GeneralUsers/Users_Level2_2011.csv
/home/ubuntu/hadoop/Rohit_dont_delete/Data_pull/UsersAnalysis/GeneralUsers/Users_Level2_2015.csv
Total number of pages :  45218
Start time is:  2015-11-02 22:29:07.245142
0 500
500 1000
1000 1500
1500 2000
2000 2500
2500 3000
3000 3500
3500 4000
4000 4500
4500 5000
End time is:  2015-11-02 22:30:58.985270
Time spent:  111.740128
Waiting for the reset of the tokens....

Start time is:  2015-11-02 23:30:07.331809
5000 5500
5500 6000
6000 6500
6500 7000
7000 7500
7500 8000
8000 8500
8500 9000
9000 9500
9500 10000
End time is:  2015-11-02 23:31:58.663176
Time spent:  111.331367
Waiting for the reset of the tokens....

Start time is:  2015-11-03 00:31:07.427758
10000 10500
10500 11000
11000 11500
11500 12000
12000 12500
12500 13000
13000 13500
13500 14000
14000 14500
14500 15000
End time is:  2015-11-03 00:32:59.482975
Time spent:  112.055217
Waiting for the reset of the tokens....

Start time is:  2015-11-03 01:32:07.523339
15000 15500
15500 16000
16000 16500
16500 17000
17000 17500
17500 18000
18000 18500
18500 19000
19000 19500
19500 20000
End time is:  2015-11-03 01:34:00.341227
Time spent:  112.817888
Waiting for the reset of the tokens....

Start time is:  2015-11-03 02:33:07.608676
20000 20500
20500 21000
21000 21500
21500 22000
22000 22500
22500 23000
23000 23500
23500 24000
24000 24500
24500 25000
End time is:  2015-11-03 02:34:58.954900
Time spent:  111.346224
Waiting for the reset of the tokens....

Start time is:  2015-11-03 03:34:07.708551
25000 25500
25500 26000
26000 26500
26500 27000
27000 27500
27500 28000
28000 28500
28500 29000
29000 29500
29500 30000
End time is:  2015-11-03 03:35:58.046689
Time spent:  110.338138
Waiting for the reset of the tokens....

Start time is:  2015-11-03 04:35:07.802016
30000 30500
30500 31000
31000 31500
31500 32000
32000 32500
32500 33000
33000 33500
33500 34000
34000 34500
34500 35000
End time is:  2015-11-03 04:36:55.518559
Time spent:  107.716543
Waiting for the reset of the tokens....

Start time is:  2015-11-03 05:36:07.861890
35000 35500
35500 36000
36000 36500
36500 37000
37000 37500
37500 38000
38000 38500
38500 39000
39000 39500
39500 40000
End time is:  2015-11-03 05:37:56.012424
Time spent:  108.150534
Waiting for the reset of the tokens....

Start time is:  2015-11-03 06:37:07.960163
40000 40500
40500 41000
41000 41500
41500 42000
42000 42500
42500 43000
43000 43500
43500 44000
44000 44500
44500 45000
last User id is:  15619154.0
Start time is:  2015-11-03 21:10:10.745946
End time is:  2015-11-03 21:11:32.970085
Total time taken:  82.224139
True
/mnt/datavol/GithubAnalysis/UsersAnalysis/Data/GeneralUsers/Users_Level2_2011.csv
/mnt/datavol/GithubAnalysis/UsersAnalysis/Data/GeneralUsers/Users_Level2_2015.csv
/mnt/datavol/GithubAnalysis/UsersAnalysis/Data/GeneralUsers/Users_Level2_2013.csv
/mnt/datavol/GithubAnalysis/UsersAnalysis/Data/GeneralUsers/Users_Level2_2014.csv
/mnt/datavol/GithubAnalysis/UsersAnalysis/Data/GeneralUsers/Users_Level2_2012.csv
Total number of pages :  27436
Start time is:  2015-11-03 22:28:59.672093
0 500
500 1000
1000 1500
1500 2000
2000 2500
2500 3000
3000 3500
3500 4000
4000 4500
4500 5000
End time is:  2015-11-03 22:32:50.312836
Time spent:  230.640743
Waiting for the reset of the tokens....

Start time is:  2015-11-03 23:29:59.772264
5000 5500
5500 6000
6000 6500
6500 7000
7000 7500
7500 8000
8000 8500
8500 9000
9000 9500
9500 10000
End time is:  2015-11-03 23:33:52.896864
Time spent:  233.1246
Waiting for the reset of the tokens....

Start time is:  2015-11-04 00:30:59.871400
10000 10500
10500 11000
11000 11500
11500 12000
12000 12500
12500 13000
13000 13500
13500 14000
14000 14500
14500 15000
End time is:  2015-11-04 00:34:57.298649
Time spent:  237.427249
Waiting for the reset of the tokens....

Start time is:  2015-11-04 01:31:59.972396
15000 15500
15500 16000
16000 16500
16500 17000
17000 17500
17500 18000
18000 18500
18500 19000
19000 19500
19500 20000
End time is:  2015-11-04 01:35:50.896512
Time spent:  230.924116
Waiting for the reset of the tokens....

Start time is:  2015-11-04 02:33:00.028580
20000 20500
20500 21000
21000 21500
21500 22000
22000 22500
22500 23000
23000 23500
23500 24000
24000 24500
24500 25000
End time is:  2015-11-04 02:36:54.045768
Time spent:  234.017188
Waiting for the reset of the tokens....

Start time is:  2015-11-04 03:34:00.128762
25000 25500
25500 26000
26000 26500
26500 27000
27000 27436
End time is:  2015-11-04 03:35:52.047649
Total time taken:  111.918887
True
last User id is:  15639935.0
Start time is:  2015-11-04 21:10:09.806817
End time is:  2015-11-04 21:11:29.159533
Total time taken:  79.352716
True
/mnt/datavol/GithubAnalysis/UsersAnalysis/Data/GeneralUsers/Users_Level2_2011.csv
/mnt/datavol/GithubAnalysis/UsersAnalysis/Data/GeneralUsers/Users_Level2_2015.csv
/mnt/datavol/GithubAnalysis/UsersAnalysis/Data/GeneralUsers/Users_Level2_2013.csv
/mnt/datavol/GithubAnalysis/UsersAnalysis/Data/GeneralUsers/Users_Level2_2014.csv
/mnt/datavol/GithubAnalysis/UsersAnalysis/Data/GeneralUsers/Users_Level2_2012.csv
Total number of pages :  26651
Start time is:  2015-11-04 22:28:46.808508
0 500
500 1000
1000 1500
1500 2000
2000 2500
2500 3000
3000 3500
3500 4000
4000 4500
4500 5000
End time is:  2015-11-04 22:32:17.624415
Time spent:  210.815907
Waiting for the reset of the tokens....

Start time is:  2015-11-04 23:29:46.908775
5000 5500
5500 6000
6000 6500
6500 7000
7000 7500
7500 8000
8000 8500
8500 9000
9000 9500
9500 10000
End time is:  2015-11-04 23:33:06.379743
Time spent:  199.470968
Waiting for the reset of the tokens....

Start time is:  2015-11-05 00:30:47.008949
10000 10500
10500 11000
11000 11500
11500 12000
12000 12500
12500 13000
13000 13500
13500 14000
14000 14500
14500 15000
End time is:  2015-11-05 00:34:05.477598
Time spent:  198.468649
Waiting for the reset of the tokens....

Start time is:  2015-11-05 01:31:47.109740
15000 15500
15500 16000
16000 16500
16500 17000
17000 17500
17500 18000
18000 18500
18500 19000
19000 19500
19500 20000
End time is:  2015-11-05 01:35:02.368323
Time spent:  195.258583
Waiting for the reset of the tokens....

Start time is:  2015-11-05 02:32:47.210482
20000 20500
20500 21000
21000 21500
21500 22000
22000 22500
22500 23000
23000 23500
23500 24000
24000 24500
24500 25000
End time is:  2015-11-05 02:35:57.630373
Time spent:  190.419891
Waiting for the reset of the tokens....

Start time is:  2015-11-05 03:33:47.310625
25000 25500
25500 26000
26000 26500
26500 26651
End time is:  2015-11-05 03:34:56.487439
Total time taken:  69.176814
True
last User id is:  15660157.0
Start time is:  2015-11-05 21:10:09.525458
End time is:  2015-11-05 21:11:20.000671
Total time taken:  70.475213
True
/mnt/datavol/GithubAnalysis/UsersAnalysis/Data/GeneralUsers/Users_Level2_2011.csv
/mnt/datavol/GithubAnalysis/UsersAnalysis/Data/GeneralUsers/Users_Level2_2015.csv
/mnt/datavol/GithubAnalysis/UsersAnalysis/Data/GeneralUsers/Users_Level2_2013.csv
/mnt/datavol/GithubAnalysis/UsersAnalysis/Data/GeneralUsers/Users_Level2_2014.csv
/mnt/datavol/GithubAnalysis/UsersAnalysis/Data/GeneralUsers/Users_Level2_2012.csv
Total number of pages :  24847
Start time is:  2015-11-05 22:28:38.340352
0 500
500 1000
1000 1500
1500 2000
2000 2500
2500 3000
3000 3500
3500 4000
4000 4500
4500 5000
End time is:  2015-11-05 22:32:05.217409
Time spent:  206.877057
Waiting for the reset of the tokens....

Start time is:  2015-11-05 23:29:38.440550
5000 5500
5500 6000
6000 6500
6500 7000
7000 7500
7500 8000
8000 8500
8500 9000
9000 9500
9500 10000
End time is:  2015-11-05 23:32:52.920810
Time spent:  194.48026
Waiting for the reset of the tokens....

Start time is:  2015-11-06 00:30:38.540767
10000 10500
10500 11000
11000 11500
11500 12000
12000 12500
12500 13000
13000 13500
13500 14000
14000 14500
14500 15000
End time is:  2015-11-06 00:33:52.559102
Time spent:  194.018335
Waiting for the reset of the tokens....

Start time is:  2015-11-06 01:31:38.640969
15000 15500
15500 16000
16000 16500
16500 17000
17000 17500
17500 18000
18000 18500
18500 19000
19000 19500
19500 20000
End time is:  2015-11-06 01:34:47.196421
Time spent:  188.555452
Waiting for the reset of the tokens....

Start time is:  2015-11-06 02:32:38.742694
20000 20500
20500 21000
21000 21500
21500 22000
22000 22500
22500 23000
23000 23500
23500 24000
24000 24500
24500 24847
End time is:  2015-11-06 02:35:50.467117
Total time taken:  191.724423
True
last User id is:  15678600.0
Start time is:  2015-11-06 21:10:08.825201
End time is:  2015-11-06 21:11:11.213411
Total time taken:  62.38821
True
/mnt/datavol/GithubAnalysis/UsersAnalysis/Data/GeneralUsers/Users_Level2_2011.csv
/mnt/datavol/GithubAnalysis/UsersAnalysis/Data/GeneralUsers/Users_Level2_2015.csv
/mnt/datavol/GithubAnalysis/UsersAnalysis/Data/GeneralUsers/Users_Level2_2013.csv
/mnt/datavol/GithubAnalysis/UsersAnalysis/Data/GeneralUsers/Users_Level2_2014.csv
/mnt/datavol/GithubAnalysis/UsersAnalysis/Data/GeneralUsers/Users_Level2_2012.csv
Total number of pages :  23963
Start time is:  2015-11-06 22:28:35.375627
0 500
500 1000
1000 1500
1500 2000
2000 2500
2500 3000
3000 3500
3500 4000
4000 4500
4500 5000
End time is:  2015-11-06 22:32:00.965598
Time spent:  205.589971
Waiting for the reset of the tokens....

Start time is:  2015-11-06 23:29:35.469066
5000 5500
5500 6000
6000 6500
6500 7000
7000 7500
7500 8000
8000 8500
8500 9000
9000 9500
9500 10000
End time is:  2015-11-06 23:32:56.212302
Time spent:  200.743236
Waiting for the reset of the tokens....

Start time is:  2015-11-07 00:30:35.569237
10000 10500
10500 11000
11000 11500
11500 12000
12000 12500
12500 13000
13000 13500
13500 14000
14000 14500
14500 15000
End time is:  2015-11-07 00:33:40.866983
Time spent:  185.297746
Waiting for the reset of the tokens....

Start time is:  2015-11-07 01:31:35.669432
15000 15500
15500 16000
16000 16500
16500 17000
17000 17500
17500 18000
18000 18500
18500 19000
19000 19500
19500 20000
End time is:  2015-11-07 01:34:48.647429
Time spent:  192.977997
Waiting for the reset of the tokens....

Start time is:  2015-11-07 02:32:35.770133
20000 20500
20500 21000
21000 21500
21500 22000
22000 22500
22500 23000
23000 23500
23500 23963
End time is:  2015-11-07 02:43:48.405223
Total time taken:  672.63509
True
last User id is:  15696179.0
Start time is:  2015-11-07 21:10:10.313711
End time is:  2015-11-07 21:10:50.134164
Total time taken:  39.820453
True
/mnt/datavol/GithubAnalysis/UsersAnalysis/Data/GeneralUsers/Users_Level2_2011.csv
/mnt/datavol/GithubAnalysis/UsersAnalysis/Data/GeneralUsers/Users_Level2_2015.csv
/mnt/datavol/GithubAnalysis/UsersAnalysis/Data/GeneralUsers/Users_Level2_2013.csv
/mnt/datavol/GithubAnalysis/UsersAnalysis/Data/GeneralUsers/Users_Level2_2014.csv
/mnt/datavol/GithubAnalysis/UsersAnalysis/Data/GeneralUsers/Users_Level2_2012.csv
Total number of pages :  18940
Start time is:  2015-11-07 22:28:09.535991
0 500
500 1000
1000 1500
1500 2000
2000 2500
2500 3000
3000 3500
3500 4000
4000 4500
4500 5000
End time is:  2015-11-07 22:31:25.382011
Time spent:  195.84602
Waiting for the reset of the tokens....

Start time is:  2015-11-07 23:29:09.622677
5000 5500
5500 6000
6000 6500
6500 7000
7000 7500
7500 8000
8000 8500
8500 9000
9000 9500
9500 10000
End time is:  2015-11-07 23:32:27.862429
Time spent:  198.239752
Waiting for the reset of the tokens....

Start time is:  2015-11-08 00:30:09.722902
10000 10500
10500 11000
11000 11500
11500 12000
12000 12500
12500 13000
13000 13500
13500 14000
14000 14500
14500 15000
End time is:  2015-11-08 00:33:22.979317
Time spent:  193.256415
Waiting for the reset of the tokens....

Start time is:  2015-11-08 01:31:09.823159
15000 15500
15500 16000
16000 16500
16500 17000
17000 17500
17500 18000
18000 18500
18500 18940
End time is:  2015-11-08 01:33:41.087629
Total time taken:  151.26447
True
last User id is:  15708599.0
Start time is:  2015-11-08 21:10:09.048702
End time is:  2015-11-08 21:10:45.365456
Total time taken:  36.316754
True
/mnt/datavol/GithubAnalysis/UsersAnalysis/Data/GeneralUsers/Users_Level2_2011.csv
/mnt/datavol/GithubAnalysis/UsersAnalysis/Data/GeneralUsers/Users_Level2_2015.csv
/mnt/datavol/GithubAnalysis/UsersAnalysis/Data/GeneralUsers/Users_Level2_2013.csv
/mnt/datavol/GithubAnalysis/UsersAnalysis/Data/GeneralUsers/Users_Level2_2014.csv
/mnt/datavol/GithubAnalysis/UsersAnalysis/Data/GeneralUsers/Users_Level2_2012.csv
Total number of pages :  17838
Start time is:  2015-11-08 22:28:03.781226
0 500
500 1000
1000 1500
1500 2000
2000 2500
2500 3000
3000 3500
3500 4000
4000 4500
4500 5000
End time is:  2015-11-08 22:31:11.819312
Time spent:  188.038086
Waiting for the reset of the tokens....

Start time is:  2015-11-08 23:29:03.881443
5000 5500
5500 6000
6000 6500
6500 7000
7000 7500
7500 8000
8000 8500
8500 9000
9000 9500
9500 10000
End time is:  2015-11-08 23:32:07.768401
Time spent:  183.886958
Waiting for the reset of the tokens....

Start time is:  2015-11-09 00:30:03.979410
10000 10500
10500 11000
11000 11500
11500 12000
12000 12500
12500 13000
13000 13500
13500 14000
14000 14500
14500 15000
End time is:  2015-11-09 00:33:10.652148
Time spent:  186.672738
Waiting for the reset of the tokens....

Start time is:  2015-11-09 01:31:04.003454
15000 15500
15500 16000
16000 16500
16500 17000
17000 17500
17500 17838
End time is:  2015-11-09 01:32:51.603886
Total time taken:  107.600432
True
last User id is:  15719904.0
Start time is:  2015-11-09 21:10:08.972846
End time is:  2015-11-09 21:11:46.230539
Total time taken:  97.257693
True
/mnt/datavol/GithubAnalysis/UsersAnalysis/Data/GeneralUsers/Users_Level2_2011.csv
/mnt/datavol/GithubAnalysis/UsersAnalysis/Data/GeneralUsers/Users_Level2_2015.csv
/mnt/datavol/GithubAnalysis/UsersAnalysis/Data/GeneralUsers/Users_Level2_2013.csv
/mnt/datavol/GithubAnalysis/UsersAnalysis/Data/GeneralUsers/Users_Level2_2014.csv
/mnt/datavol/GithubAnalysis/UsersAnalysis/Data/GeneralUsers/Users_Level2_2012.csv
Total number of pages :  33336
Start time is:  2015-11-09 22:29:05.509892
0 500
500 1000
1000 1500
1500 2000
2000 2500
2500 3000
3000 3500
3500 4000
4000 4500
4500 5000
End time is:  2015-11-09 22:32:21.425956
Time spent:  195.916064
Waiting for the reset of the tokens....

Start time is:  2015-11-09 23:30:05.550633
5000 5500
5500 6000
6000 6500
6500 7000
7000 7500
7500 8000
8000 8500
8500 9000
9000 9500
9500 10000
End time is:  2015-11-09 23:33:24.450181
Time spent:  198.899548
Waiting for the reset of the tokens....

Start time is:  2015-11-10 00:31:05.650848
10000 10500
10500 11000
11000 11500
11500 12000
12000 12500
12500 13000
13000 13500
13500 14000
14000 14500
14500 15000
End time is:  2015-11-10 00:34:14.035311
Time spent:  188.384463
Waiting for the reset of the tokens....

Start time is:  2015-11-10 01:32:05.751135
15000 15500
15500 16000
16000 16500
16500 17000
17000 17500
17500 18000
18000 18500
18500 19000
19000 19500
19500 20000
End time is:  2015-11-10 01:35:14.924470
Time spent:  189.173335
Waiting for the reset of the tokens....

Start time is:  2015-11-10 02:33:05.851396
20000 20500
20500 21000
21000 21500
21500 22000
22000 22500
22500 23000
23000 23500
23500 24000
24000 24500
24500 25000
End time is:  2015-11-10 02:36:14.515900
Time spent:  188.664504
Waiting for the reset of the tokens....

Start time is:  2015-11-10 03:34:05.905236
25000 25500
25500 26000
26000 26500
26500 27000
27000 27500
27500 28000
28000 28500
28500 29000
29000 29500
29500 30000
End time is:  2015-11-10 03:37:10.812400
Time spent:  184.907164
Waiting for the reset of the tokens....

Start time is:  2015-11-10 04:35:06.005459
30000 30500
30500 31000
31000 31500
31500 32000
32000 32500
32500 33000
33000 33336
End time is:  2015-11-10 04:37:09.292155
Total time taken:  123.286696
True
last User id is:  15746798.0
Start time is:  2015-11-10 21:10:09.222348
End time is:  2015-11-10 21:12:52.556226
Total time taken:  163.333878
True
/mnt/datavol/GithubAnalysis/UsersAnalysis/Data/GeneralUsers/Users_Level2_2011.csv
/mnt/datavol/GithubAnalysis/UsersAnalysis/Data/GeneralUsers/Users_Level2_2015.csv
/mnt/datavol/GithubAnalysis/UsersAnalysis/Data/GeneralUsers/Users_Level2_2013.csv
/mnt/datavol/GithubAnalysis/UsersAnalysis/Data/GeneralUsers/Users_Level2_2014.csv
/mnt/datavol/GithubAnalysis/UsersAnalysis/Data/GeneralUsers/Users_Level2_2012.csv
Total number of pages :  50118
Start time is:  2015-11-10 22:30:10.909480
0 500
500 1000
1000 1500
1500 2000
2000 2500
2500 3000
3000 3500
3500 4000
4000 4500
4500 5000
End time is:  2015-11-10 22:33:23.893318
Time spent:  192.983838
Waiting for the reset of the tokens....

Start time is:  2015-11-10 23:31:10.996294
5000 5500
5500 6000
6000 6500
6500 7000
7000 7500
7500 8000
8000 8500
8500 9000
9000 9500
9500 10000
End time is:  2015-11-10 23:34:34.778087
Time spent:  203.781793
Waiting for the reset of the tokens....

Start time is:  2015-11-11 00:32:11.096495
10000 10500
10500 11000
11000 11500
11500 12000
12000 12500
12500 13000
13000 13500
13500 14000
14000 14500
14500 15000
End time is:  2015-11-11 00:35:22.981641
Time spent:  191.885146
Waiting for the reset of the tokens....

Start time is:  2015-11-11 01:33:11.122139
15000 15500
15500 16000
16000 16500
16500 17000
17000 17500
17500 18000
18000 18500
18500 19000
19000 19500
19500 20000
End time is:  2015-11-11 01:36:26.870861
Time spent:  195.748722
Waiting for the reset of the tokens....

Start time is:  2015-11-11 02:34:11.197176
20000 20500
20500 21000
21000 21500
21500 22000
22000 22500
22500 23000
23000 23500
23500 24000
24000 24500
24500 25000
End time is:  2015-11-11 02:37:17.961994
Time spent:  186.764818
Waiting for the reset of the tokens....

Start time is:  2015-11-11 03:35:11.297408
25000 25500
25500 26000
26000 26500
26500 27000
27000 27500
27500 28000
28000 28500
28500 29000
29000 29500
29500 30000
End time is:  2015-11-11 03:38:23.044593
Time spent:  191.747185
Waiting for the reset of the tokens....

Start time is:  2015-11-11 04:36:11.397602
30000 30500
30500 31000
31000 31500
31500 32000
32000 32500
32500 33000
33000 33500
33500 34000
34000 34500
34500 35000
End time is:  2015-11-11 04:39:15.563071
Time spent:  184.165469
Waiting for the reset of the tokens....

Start time is:  2015-11-11 05:37:11.498399
35000 35500
35500 36000
36000 36500
36500 37000
37000 37500
37500 38000
38000 38500
38500 39000
39000 39500
39500 40000
End time is:  2015-11-11 05:40:23.762271
Time spent:  192.263872
Waiting for the reset of the tokens....

Start time is:  2015-11-11 06:38:11.598571
40000 40500
40500 41000
41000 41500
41500 42000
42000 42500
42500 43000
43000 43500
43500 44000
44000 44500
44500 45000
End time is:  2015-11-11 06:41:28.772046
Time spent:  197.173475
Waiting for the reset of the tokens....

Start time is:  2015-11-11 07:39:11.602578
45000 45500
45500 46000
46000 46500
46500 47000
47000 47500
47500 48000
48000 48500
48500 49000
49000 49500
49500 50000
End time is:  2015-11-11 07:42:27.437520
Time spent:  195.834942
Waiting for the reset of the tokens....

Start time is:  2015-11-11 08:40:11.659515
50000 50118
End time is:  2015-11-11 08:40:21.262880
Total time taken:  9.603365
True
last User id is:  15790488.0
Start time is:  2015-11-11 21:10:09.940643
End time is:  2015-11-11 21:11:09.010033
Total time taken:  59.06939
True
/mnt/datavol/GithubAnalysis/UsersAnalysis/Data/GeneralUsers/Users_Level2_2011.csv
/mnt/datavol/GithubAnalysis/UsersAnalysis/Data/GeneralUsers/Users_Level2_2015.csv
/mnt/datavol/GithubAnalysis/UsersAnalysis/Data/GeneralUsers/Users_Level2_2013.csv
/mnt/datavol/GithubAnalysis/UsersAnalysis/Data/GeneralUsers/Users_Level2_2014.csv
/mnt/datavol/GithubAnalysis/UsersAnalysis/Data/GeneralUsers/Users_Level2_2012.csv
Total number of pages :  22596
Start time is:  2015-11-11 22:28:27.167633
0 500
500 1000
1000 1500
1500 2000
2000 2500
2500 3000
3000 3500
3500 4000
4000 4500
4500 5000
End time is:  2015-11-11 22:31:43.734344
Time spent:  196.566711
Waiting for the reset of the tokens....

Start time is:  2015-11-11 23:29:27.267835
5000 5500
5500 6000
6000 6500
6500 7000
7000 7500
7500 8000
8000 8500
8500 9000
9000 9500
9500 10000
End time is:  2015-11-11 23:32:42.120173
Time spent:  194.852338
Waiting for the reset of the tokens....

Start time is:  2015-11-12 00:30:27.368056
10000 10500
10500 11000
11000 11500
11500 12000
12000 12500
12500 13000
13000 13500
13500 14000
14000 14500
14500 15000
End time is:  2015-11-12 00:33:45.669330
Time spent:  198.301274
Waiting for the reset of the tokens....

Start time is:  2015-11-12 01:31:27.468262
15000 15500
15500 16000
16000 16500
16500 17000
17000 17500
17500 18000
18000 18500
18500 19000
19000 19500
19500 20000
End time is:  2015-11-12 01:34:38.021826
Time spent:  190.553564
Waiting for the reset of the tokens....

Start time is:  2015-11-12 02:32:27.568517
20000 20500
20500 21000
21000 21500
21500 22000
22000 22500
22500 22596
End time is:  2015-11-12 02:34:08.906198
Total time taken:  101.337681
True
last User id is:  15806670.0
Start time is:  2015-11-12 21:10:09.578868
End time is:  2015-11-12 21:11:14.124902
Total time taken:  64.546034
True
/mnt/datavol/GithubAnalysis/UsersAnalysis/Data/GeneralUsers/Users_Level2_2011.csv
/mnt/datavol/GithubAnalysis/UsersAnalysis/Data/GeneralUsers/Users_Level2_2015.csv
/mnt/datavol/GithubAnalysis/UsersAnalysis/Data/GeneralUsers/Users_Level2_2013.csv
/mnt/datavol/GithubAnalysis/UsersAnalysis/Data/GeneralUsers/Users_Level2_2014.csv
/mnt/datavol/GithubAnalysis/UsersAnalysis/Data/GeneralUsers/Users_Level2_2012.csv
Total number of pages :  23461
Start time is:  2015-11-12 22:28:32.621662
0 500
500 1000
1000 1500
1500 2000
2000 2500
2500 3000
3000 3500
3500 4000
4000 4500
4500 5000
End time is:  2015-11-12 22:31:56.070000
Time spent:  203.448338
Waiting for the reset of the tokens....

Start time is:  2015-11-12 23:29:32.704097
5000 5500
5500 6000
6000 6500
6500 7000
7000 7500
7500 8000
8000 8500
8500 9000
9000 9500
9500 10000
End time is:  2015-11-12 23:32:51.824383
Time spent:  199.120286
Waiting for the reset of the tokens....

Start time is:  2015-11-13 00:30:32.804336
10000 10500
10500 11000
11000 11500
11500 12000
12000 12500
12500 13000
13000 13500
13500 14000
14000 14500
14500 15000
End time is:  2015-11-13 00:33:46.128793
Time spent:  193.324457
Waiting for the reset of the tokens....

Start time is:  2015-11-13 01:31:32.904556
15000 15500
15500 16000
16000 16500
16500 17000
17000 17500
17500 18000
18000 18500
18500 19000
19000 19500
19500 20000
End time is:  2015-11-13 01:34:47.327002
Time spent:  194.422446
Waiting for the reset of the tokens....

Start time is:  2015-11-13 02:32:33.004754
20000 20500
20500 21000
21000 21500
21500 22000
22000 22500
22500 23000
23000 23461
End time is:  2015-11-13 02:34:53.332307
Total time taken:  140.327553
True
last User id is:  15823721.0
Start time is:  2015-11-13 21:10:09.886241
End time is:  2015-11-13 21:11:05.569615
Total time taken:  55.683374
True
/mnt/datavol/GithubAnalysis/UsersAnalysis/Data/GeneralUsers/Users_Level2_2011.csv
/mnt/datavol/GithubAnalysis/UsersAnalysis/Data/GeneralUsers/Users_Level2_2015.csv
/mnt/datavol/GithubAnalysis/UsersAnalysis/Data/GeneralUsers/Users_Level2_2013.csv
/mnt/datavol/GithubAnalysis/UsersAnalysis/Data/GeneralUsers/Users_Level2_2014.csv
/mnt/datavol/GithubAnalysis/UsersAnalysis/Data/GeneralUsers/Users_Level2_2012.csv
Total number of pages :  22009
Start time is:  2015-11-13 22:28:23.985113
0 500
500 1000
1000 1500
1500 2000
2000 2500
2500 3000
3000 3500
3500 4000
4000 4500
4500 5000
End time is:  2015-11-13 22:31:37.590685
Time spent:  193.605572
Waiting for the reset of the tokens....

Start time is:  2015-11-13 23:29:24.085271
5000 5500
5500 6000
6000 6500
6500 7000
7000 7500
7500 8000
8000 8500
8500 9000
9000 9500
9500 10000
End time is:  2015-11-13 23:32:37.600701
Time spent:  193.51543
Waiting for the reset of the tokens....

Start time is:  2015-11-14 00:30:24.087663
10000 10500
10500 11000
11000 11500
11500 12000
12000 12500
12500 13000
13000 13500
13500 14000
14000 14500
14500 15000
End time is:  2015-11-14 00:33:36.184788
Time spent:  192.097125
Waiting for the reset of the tokens....

Start time is:  2015-11-14 01:31:24.162625
15000 15500
15500 16000
16000 16500
16500 17000
17000 17500
17500 18000
18000 18500
18500 19000
19000 19500
19500 20000
End time is:  2015-11-14 01:34:29.348488
Time spent:  185.185863
Waiting for the reset of the tokens....

Start time is:  2015-11-14 02:32:24.262780
20000 20500
20500 21000
21000 21500
21500 22000
22000 22009
End time is:  2015-11-14 02:33:40.738043
Total time taken:  76.475263
True
last User id is:  15839303.0
Start time is:  2015-11-14 21:10:09.357357
End time is:  2015-11-14 21:10:51.568811
Total time taken:  42.211454
True
/mnt/datavol/GithubAnalysis/UsersAnalysis/Data/GeneralUsers/Users_Level2_2011.csv
/mnt/datavol/GithubAnalysis/UsersAnalysis/Data/GeneralUsers/Users_Level2_2015.csv
/mnt/datavol/GithubAnalysis/UsersAnalysis/Data/GeneralUsers/Users_Level2_2013.csv
/mnt/datavol/GithubAnalysis/UsersAnalysis/Data/GeneralUsers/Users_Level2_2014.csv
/mnt/datavol/GithubAnalysis/UsersAnalysis/Data/GeneralUsers/Users_Level2_2012.csv
Total number of pages :  17999
Start time is:  2015-11-14 22:28:09.883965
0 500
500 1000
1000 1500
1500 2000
2000 2500
2500 3000
3000 3500
3500 4000
4000 4500
4500 5000
End time is:  2015-11-14 22:31:09.113468
Time spent:  179.229503
Waiting for the reset of the tokens....

Start time is:  2015-11-14 23:29:09.984185
5000 5500
5500 6000
6000 6500
6500 7000
7000 7500
7500 8000
8000 8500
8500 9000
9000 9500
9500 10000
End time is:  2015-11-14 23:32:19.220660
Time spent:  189.236475
Waiting for the reset of the tokens....

Start time is:  2015-11-15 00:30:10.084642
10000 10500
10500 11000
11000 11500
11500 12000
12000 12500
12500 13000
13000 13500
13500 14000
14000 14500
14500 15000
End time is:  2015-11-15 00:33:19.438075
Time spent:  189.353433
Waiting for the reset of the tokens....

Start time is:  2015-11-15 01:31:10.184804
15000 15500
15500 16000
16000 16500
16500 17000
17000 17500
17500 17999
End time is:  2015-11-15 01:32:59.072169
Total time taken:  108.887365
True
last User id is:  15850797.0
Start time is:  2015-11-15 21:10:09.497013
End time is:  2015-11-15 21:10:44.075622
Total time taken:  34.578609
True
/mnt/datavol/GithubAnalysis/UsersAnalysis/Data/GeneralUsers/Users_Level2_2011.csv
/mnt/datavol/GithubAnalysis/UsersAnalysis/Data/GeneralUsers/Users_Level2_2015.csv
/mnt/datavol/GithubAnalysis/UsersAnalysis/Data/GeneralUsers/Users_Level2_2013.csv
/mnt/datavol/GithubAnalysis/UsersAnalysis/Data/GeneralUsers/Users_Level2_2014.csv
/mnt/datavol/GithubAnalysis/UsersAnalysis/Data/GeneralUsers/Users_Level2_2012.csv
Total number of pages :  17164
Start time is:  2015-11-15 22:28:02.942663
0 500
500 1000
1000 1500
1500 2000
2000 2500
2500 3000
3000 3500
3500 4000
4000 4500
4500 5000
End time is:  2015-11-15 22:31:08.008989
Time spent:  185.066326
Waiting for the reset of the tokens....

Start time is:  2015-11-15 23:29:03.042797
5000 5500
5500 6000
6000 6500
6500 7000
7000 7500
7500 8000
8000 8500
8500 9000
9000 9500
9500 10000
End time is:  2015-11-15 23:32:08.539418
Time spent:  185.496621
Waiting for the reset of the tokens....

Start time is:  2015-11-16 00:30:03.142996
10000 10500
10500 11000
11000 11500
11500 12000
12000 12500
12500 13000
13000 13500
13500 14000
14000 14500
14500 15000
End time is:  2015-11-16 00:33:13.293306
Time spent:  190.15031
Waiting for the reset of the tokens....

Start time is:  2015-11-16 01:31:03.243205
15000 15500
15500 16000
16000 16500
16500 17000
17000 17164
End time is:  2015-11-16 01:32:30.617962
Total time taken:  87.374757
True
last User id is:  15861450.0
Start time is:  2015-11-16 21:10:09.155591
End time is:  2015-11-16 21:26:04.751532
Total time taken:  955.595941
True
/mnt/datavol/GithubAnalysis/UsersAnalysis/Data/GeneralUsers/Users_Level2_2011.csv
/mnt/datavol/GithubAnalysis/UsersAnalysis/Data/GeneralUsers/Users_Level2_2015.csv
/mnt/datavol/GithubAnalysis/UsersAnalysis/Data/GeneralUsers/Users_Level2_2013.csv
/mnt/datavol/GithubAnalysis/UsersAnalysis/Data/GeneralUsers/Users_Level2_2014.csv
/mnt/datavol/GithubAnalysis/UsersAnalysis/Data/GeneralUsers/Users_Level2_2012.csv
Total number of pages :  23652
Start time is:  2015-11-16 22:43:24.428870
0 500
500 1000
1000 1500
1500 2000
2000 2500
2500 3000
3000 3500
3500 4000
4000 4500
4500 5000
End time is:  2015-11-17 00:10:31.439500
Tokens already reset.........

Start time is:  2015-11-17 00:10:31.439544
5000 5500
5500 6000
6000 6500
6500 7000
7000 7500
7500 8000
8000 8500
8500 9000
9000 9500
9500 10000
End time is:  2015-11-17 01:37:33.393332
Tokens already reset.........

Start time is:  2015-11-17 01:37:33.393368
10000 10500
10500 11000
11000 11500
11500 12000
12000 12500
12500 13000
13000 13500
13500 14000
14000 14500
14500 15000
End time is:  2015-11-17 03:04:38.013634
Tokens already reset.........

Start time is:  2015-11-17 03:04:38.013674
15000 15500
15500 16000
16000 16500
16500 17000
17000 17500
17500 18000
18000 18500
18500 19000
19000 19500
19500 20000
End time is:  2015-11-17 04:31:46.865630
Tokens already reset.........

Start time is:  2015-11-17 04:31:46.865675
20000 20500
20500 21000
21000 21500
21500 22000
22000 22500
22500 23000
23000 23500
23500 23652
End time is:  2015-11-17 05:35:31.544412
Total time taken:  3824.678737
True
last User id is:  15878668.0
Start time is:  2015-11-17 21:10:09.227491
End time is:  2015-11-17 21:11:23.559724
Total time taken:  74.332233
True
/mnt/datavol/GithubAnalysis/UsersAnalysis/Data/GeneralUsers/Users_Level2_2011.csv
/mnt/datavol/GithubAnalysis/UsersAnalysis/Data/GeneralUsers/Users_Level2_2015.csv
/mnt/datavol/GithubAnalysis/UsersAnalysis/Data/GeneralUsers/Users_Level2_2013.csv
/mnt/datavol/GithubAnalysis/UsersAnalysis/Data/GeneralUsers/Users_Level2_2014.csv
/mnt/datavol/GithubAnalysis/UsersAnalysis/Data/GeneralUsers/Users_Level2_2012.csv
Total number of pages :  25199
Start time is:  2015-11-17 22:28:45.793988
0 500
500 1000
1000 1500
1500 2000
2000 2500
2500 3000
3000 3500
3500 4000
4000 4500
4500 5000
End time is:  2015-11-17 22:32:12.692370
Time spent:  206.898382
Waiting for the reset of the tokens....

Start time is:  2015-11-17 23:29:45.894214
5000 5500
5500 6000
6000 6500
6500 7000
7000 7500
7500 8000
8000 8500
8500 9000
9000 9500
9500 10000
End time is:  2015-11-17 23:33:02.591018
Time spent:  196.696804
Waiting for the reset of the tokens....

Start time is:  2015-11-18 00:30:45.994449
10000 10500
10500 11000
11000 11500
11500 12000
12000 12500
12500 13000
13000 13500
13500 14000
14000 14500
14500 15000
End time is:  2015-11-18 00:34:00.416395
Time spent:  194.421946
Waiting for the reset of the tokens....

Start time is:  2015-11-18 01:31:46.073522
15000 15500
15500 16000
16000 16500
16500 17000
17000 17500
17500 18000
18000 18500
18500 19000
19000 19500
19500 20000
End time is:  2015-11-18 01:35:05.400011
Time spent:  199.326489
Waiting for the reset of the tokens....

Start time is:  2015-11-18 02:32:46.173772
20000 20500
20500 21000
21000 21500
21500 22000
22000 22500
22500 23000
23000 23500
23500 24000
24000 24500
24500 25000
End time is:  2015-11-18 02:35:59.240719
Time spent:  193.066947
Waiting for the reset of the tokens....

Start time is:  2015-11-18 03:33:46.273976
25000 25199
End time is:  2015-11-18 03:33:56.979161
Total time taken:  10.705185
True
last User id is:  15897418.0
Start time is:  2015-11-18 21:10:09.863046
End time is:  2015-11-18 21:11:19.333711
Total time taken:  69.470665
True
/mnt/datavol/GithubAnalysis/UsersAnalysis/Data/GeneralUsers/Users_Level2_2011.csv
/mnt/datavol/GithubAnalysis/UsersAnalysis/Data/GeneralUsers/Users_Level2_2015.csv
/mnt/datavol/GithubAnalysis/UsersAnalysis/Data/GeneralUsers/Users_Level2_2013.csv
/mnt/datavol/GithubAnalysis/UsersAnalysis/Data/GeneralUsers/Users_Level2_2014.csv
/mnt/datavol/GithubAnalysis/UsersAnalysis/Data/GeneralUsers/Users_Level2_2012.csv
Total number of pages :  23891
Start time is:  2015-11-18 22:28:38.440246
0 500
500 1000
1000 1500
1500 2000
2000 2500
2500 3000
3000 3500
3500 4000
4000 4500
4500 5000
End time is:  2015-11-18 22:31:51.778629
Time spent:  193.338383
Waiting for the reset of the tokens....

Start time is:  2015-11-18 23:29:38.540462
5000 5500
5500 6000
6000 6500
6500 7000
7000 7500
7500 8000
8000 8500
8500 9000
9000 9500
9500 10000
End time is:  2015-11-18 23:32:55.848392
Time spent:  197.30793
Waiting for the reset of the tokens....

Start time is:  2015-11-19 00:30:38.640696
10000 10500
10500 11000
11000 11500
11500 12000
12000 12500
12500 13000
13000 13500
13500 14000
14000 14500
14500 15000
End time is:  2015-11-19 00:33:55.029777
Time spent:  196.389081
Waiting for the reset of the tokens....

Start time is:  2015-11-19 01:31:38.706258
15000 15500
15500 16000
16000 16500
16500 17000
17000 17500
17500 18000
18000 18500
18500 19000
19000 19500
19500 20000
End time is:  2015-11-19 01:34:54.664481
Time spent:  195.958223
Waiting for the reset of the tokens....

Start time is:  2015-11-19 02:32:38.806466
20000 20500
20500 21000
21000 21500
21500 22000
22000 22500
22500 23000
23000 23500
23500 23891
End time is:  2015-11-19 02:35:13.644741
Total time taken:  154.838275
True
last User id is:  15914864.0
Start time is:  2015-11-19 21:10:10.689115
End time is:  2015-11-19 21:11:17.385254
Total time taken:  66.696139
True
/mnt/datavol/GithubAnalysis/UsersAnalysis/Data/GeneralUsers/Users_Level2_2011.csv
/mnt/datavol/GithubAnalysis/UsersAnalysis/Data/GeneralUsers/Users_Level2_2015.csv
/mnt/datavol/GithubAnalysis/UsersAnalysis/Data/GeneralUsers/Users_Level2_2013.csv
/mnt/datavol/GithubAnalysis/UsersAnalysis/Data/GeneralUsers/Users_Level2_2014.csv
/mnt/datavol/GithubAnalysis/UsersAnalysis/Data/GeneralUsers/Users_Level2_2012.csv
Total number of pages :  24047
Start time is:  2015-11-19 22:28:40.963430
0 500
500 1000
1000 1500
1500 2000
2000 2500
2500 3000
3000 3500
3500 4000
4000 4500
4500 5000
End time is:  2015-11-19 22:31:57.584459
Time spent:  196.621029
Waiting for the reset of the tokens....

Start time is:  2015-11-19 23:29:41.047631
5000 5500
5500 6000
6000 6500
6500 7000
7000 7500
7500 8000
8000 8500
8500 9000
9000 9500
9500 10000
End time is:  2015-11-19 23:32:56.794119
Time spent:  195.746488
Waiting for the reset of the tokens....

Start time is:  2015-11-20 00:30:41.147755
10000 10500
10500 11000
11000 11500
11500 12000
12000 12500
12500 13000
13000 13500
13500 14000
14000 14500
14500 15000
End time is:  2015-11-20 00:33:47.685736
Time spent:  186.537981
Waiting for the reset of the tokens....

Start time is:  2015-11-20 01:31:41.247892
15000 15500
15500 16000
16000 16500
16500 17000
17000 17500
17500 18000
18000 18500
18500 19000
19000 19500
19500 20000
End time is:  2015-11-20 01:34:55.416938
Time spent:  194.169046
Waiting for the reset of the tokens....

Start time is:  2015-11-20 02:32:41.348031
20000 20500
20500 21000
21000 21500
21500 22000
22000 22500
22500 23000
23000 23500
23500 24000
24000 24047
End time is:  2015-11-20 02:35:08.453787
Total time taken:  147.105756
True
last User id is:  15932479.0
Start time is:  2015-11-20 21:10:09.924700
End time is:  2015-11-20 21:11:12.287894
Total time taken:  62.363194
True
/mnt/datavol/GithubAnalysis/UsersAnalysis/Data/GeneralUsers/Users_Level2_2011.csv
/mnt/datavol/GithubAnalysis/UsersAnalysis/Data/GeneralUsers/Users_Level2_2015.csv
/mnt/datavol/GithubAnalysis/UsersAnalysis/Data/GeneralUsers/Users_Level2_2013.csv
/mnt/datavol/GithubAnalysis/UsersAnalysis/Data/GeneralUsers/Users_Level2_2014.csv
/mnt/datavol/GithubAnalysis/UsersAnalysis/Data/GeneralUsers/Users_Level2_2012.csv
Total number of pages :  22767
Start time is:  2015-11-20 22:28:34.048050
0 500
500 1000
1000 1500
1500 2000
2000 2500
2500 3000
3000 3500
3500 4000
4000 4500
4500 5000
End time is:  2015-11-20 22:31:44.316531
Time spent:  190.268481
Waiting for the reset of the tokens....

Start time is:  2015-11-20 23:29:34.148192
5000 5500
5500 6000
6000 6500
6500 7000
7000 7500
7500 8000
8000 8500
8500 9000
9000 9500
9500 10000
End time is:  2015-11-20 23:32:38.616179
Time spent:  184.467987
Waiting for the reset of the tokens....

Start time is:  2015-11-21 00:30:34.248799
10000 10500
10500 11000
11000 11500
11500 12000
12000 12500
12500 13000
13000 13500
13500 14000
14000 14500
14500 15000
End time is:  2015-11-21 00:33:37.557168
Time spent:  183.308369
Waiting for the reset of the tokens....

Start time is:  2015-11-21 01:31:34.320252
15000 15500
15500 16000
16000 16500
16500 17000
17000 17500
17500 18000
18000 18500
18500 19000
19000 19500
19500 20000
End time is:  2015-11-21 01:34:39.898517
Time spent:  185.578265
Waiting for the reset of the tokens....

Start time is:  2015-11-21 02:32:34.420366
20000 20500
20500 21000
21000 21500
21500 22000
22000 22500
22500 22767
End time is:  2015-11-21 02:34:21.597755
Total time taken:  107.177389
True
last User id is:  15948821.0
Start time is:  2015-11-21 21:10:11.039079
End time is:  2015-11-21 21:10:49.257000
Total time taken:  38.217921
True
/mnt/datavol/GithubAnalysis/UsersAnalysis/Data/GeneralUsers/Users_Level2_2011.csv
/mnt/datavol/GithubAnalysis/UsersAnalysis/Data/GeneralUsers/Users_Level2_2015.csv
/mnt/datavol/GithubAnalysis/UsersAnalysis/Data/GeneralUsers/Users_Level2_2013.csv
/mnt/datavol/GithubAnalysis/UsersAnalysis/Data/GeneralUsers/Users_Level2_2014.csv
/mnt/datavol/GithubAnalysis/UsersAnalysis/Data/GeneralUsers/Users_Level2_2012.csv
Total number of pages :  18332
Start time is:  2015-11-21 22:28:11.573327
0 500
500 1000
1000 1500
1500 2000
2000 2500
2500 3000
3000 3500
3500 4000
4000 4500
4500 5000
End time is:  2015-11-21 22:31:11.596080
Time spent:  180.022753
Waiting for the reset of the tokens....

Start time is:  2015-11-21 23:29:11.640234
5000 5500
5500 6000
6000 6500
6500 7000
7000 7500
7500 8000
8000 8500
8500 9000
9000 9500
9500 10000
End time is:  2015-11-21 23:32:22.493458
Time spent:  190.853224
Waiting for the reset of the tokens....

Start time is:  2015-11-22 00:30:11.740382
10000 10500
10500 11000
11000 11500
11500 12000
12000 12500
12500 13000
13000 13500
13500 14000
14000 14500
14500 15000
End time is:  2015-11-22 00:33:11.493128
Time spent:  179.752746
Waiting for the reset of the tokens....

Start time is:  2015-11-22 01:31:11.840531
15000 15500
15500 16000
16000 16500
16500 17000
17000 17500
17500 18000
18000 18332
End time is:  2015-11-22 01:33:13.111816
Total time taken:  121.271285
True
last User id is:  15960667.0
Start time is:  2015-11-23 21:10:09.524545
End time is:  2015-11-23 21:12:01.572836
Total time taken:  112.048291
True
/mnt/datavol/GithubAnalysis/UsersAnalysis/Data/GeneralUsers/Users_Level2_2011.csv
/mnt/datavol/GithubAnalysis/UsersAnalysis/Data/GeneralUsers/Users_Level2_2015.csv
/mnt/datavol/GithubAnalysis/UsersAnalysis/Data/GeneralUsers/Users_Level2_2013.csv
/mnt/datavol/GithubAnalysis/UsersAnalysis/Data/GeneralUsers/Users_Level2_2014.csv
/mnt/datavol/GithubAnalysis/UsersAnalysis/Data/GeneralUsers/Users_Level2_2012.csv
Total number of pages :  34067
Start time is:  2015-11-23 22:29:22.059529
0 500
500 1000
1000 1500
1500 2000
2000 2500
2500 3000
3000 3500
3500 4000
4000 4500
4500 5000
End time is:  2015-11-23 22:32:41.483594
Time spent:  199.424065
Waiting for the reset of the tokens....

Start time is:  2015-11-23 23:30:22.159669
5000 5500
5500 6000
6000 6500
6500 7000
7000 7500
7500 8000
8000 8500
8500 9000
9000 9500
9500 10000
End time is:  2015-11-23 23:33:32.562534
Time spent:  190.402865
Waiting for the reset of the tokens....

Start time is:  2015-11-24 00:31:22.259812
10000 10500
10500 11000
11000 11500
11500 12000
12000 12500
12500 13000
13000 13500
13500 14000
14000 14500
14500 15000
End time is:  2015-11-24 00:34:38.592815
Time spent:  196.333003
Waiting for the reset of the tokens....

Start time is:  2015-11-24 01:32:22.360021
15000 15500
15500 16000
16000 16500
16500 17000
17000 17500
17500 18000
18000 18500
18500 19000
19000 19500
19500 20000
End time is:  2015-11-24 01:35:39.218410
Time spent:  196.858389
Waiting for the reset of the tokens....

Start time is:  2015-11-24 02:33:22.398825
20000 20500
20500 21000
21000 21500
21500 22000
22000 22500
22500 23000
23000 23500
23500 24000
24000 24500
24500 25000
End time is:  2015-11-24 02:36:35.160760
Time spent:  192.761935
Waiting for the reset of the tokens....

Start time is:  2015-11-24 03:34:22.424737
25000 25500
25500 26000
26000 26500
26500 27000
27000 27500
27500 28000
28000 28500
28500 29000
29000 29500
29500 30000
End time is:  2015-11-24 03:37:38.025713
Time spent:  195.600976
Waiting for the reset of the tokens....

Start time is:  2015-11-24 04:35:22.524628
30000 30500
30500 31000
31000 31500
31500 32000
32000 32500
32500 33000
33000 33500
33500 34000
34000 34067
End time is:  2015-11-24 04:38:10.282047
Total time taken:  167.757419
True
last User id is:  15988496.0
Start time is:  2015-11-24 21:10:10.249775
End time is:  2015-11-24 21:11:21.863423
Total time taken:  71.613648
True
/mnt/datavol/GithubAnalysis/UsersAnalysis/Data/GeneralUsers/Users_Level2_2011.csv
/mnt/datavol/GithubAnalysis/UsersAnalysis/Data/GeneralUsers/Users_Level2_2015.csv
/mnt/datavol/GithubAnalysis/UsersAnalysis/Data/GeneralUsers/Users_Level2_2013.csv
/mnt/datavol/GithubAnalysis/UsersAnalysis/Data/GeneralUsers/Users_Level2_2014.csv
/mnt/datavol/GithubAnalysis/UsersAnalysis/Data/GeneralUsers/Users_Level2_2012.csv
Total number of pages :  24541
Start time is:  2015-11-24 22:28:43.673530
0 500
500 1000
1000 1500
1500 2000
2000 2500
2500 3000
3000 3500
3500 4000
4000 4500
4500 5000
End time is:  2015-11-24 22:31:59.739971
Time spent:  196.066441
Waiting for the reset of the tokens....

Start time is:  2015-11-24 23:29:43.773719
5000 5500
5500 6000
6000 6500
6500 7000
7000 7500
7500 8000
8000 8500
8500 9000
9000 9500
9500 10000
End time is:  2015-11-24 23:33:04.693036
Time spent:  200.919317
Waiting for the reset of the tokens....

Start time is:  2015-11-25 00:30:43.873902
10000 10500
10500 11000
11000 11500
11500 12000
12000 12500
12500 13000
13000 13500
13500 14000
14000 14500
14500 15000
End time is:  2015-11-25 00:34:01.257071
Time spent:  197.383169
Waiting for the reset of the tokens....

Start time is:  2015-11-25 01:31:43.887374
15000 15500
15500 16000
16000 16500
16500 17000
17000 17500
17500 18000
18000 18500
18500 19000
19000 19500
19500 20000
End time is:  2015-11-25 01:35:01.983429
Time spent:  198.096055
Waiting for the reset of the tokens....

Start time is:  2015-11-25 02:32:43.899162
20000 20500
20500 21000
21000 21500
21500 22000
22000 22500
22500 23000
23000 23500
23500 24000
24000 24500
24500 24541
End time is:  2015-11-25 02:35:52.197371
Total time taken:  188.298209
True
